[2017-11-23 23:35:55.801] [INFO] wechat - POST /wechat/insetApp
[2017-11-23 23:35:55.803] [INFO] wechat - Request data: {"name":"LI_TEST","appId":"wxb8617df391f435cf","appSecret":"36642be8cb1e45d5239c5e1d77d48824","redirect":"http://sit.x.shinho.net.cn/wechat/incomeUser","accessToken":{"value":"T_vZD1BTZKbxCIBE0YMglP_pT8tUCS-xV7WUUNPs_GStesVuQdAKUj8s5dxncz6bDrDi7q7QqT2A9sRc-FMRVciq4c9W8uxff8JyVbUSEwJpXvOjNVZGHgzy4qxbq1TyYGWcADAEMC","timestamp":1511243214},"jsApiTicket":{"value":"kgt8ON7yVITDhtdwci0qeeSdyrK-eDC0-Ai95KgAeAlJ1utsehU71nEFw7uHsNkHGXS9aXMXJNUbzhOZ3SpzCw","timestamp":1511151222}}
[2017-11-23 23:38:25.130] [INFO] wechat - POST /wechat/insetApp
[2017-11-23 23:38:25.130] [INFO] wechat - Request data: {"name":"LI_TEST","appId":"wxb8617df391f435cf","appSecret":"36642be8cb1e45d5239c5e1d77d48824","redirect":"http://sit.x.shinho.net.cn/wechat/incomeUser","ipWhiteList":["127.0.0.1"],"accessToken":{"value":"T_vZD1BTZKbxCIBE0YMglP_pT8tUCS-xV7WUUNPs_GStesVuQdAKUj8s5dxncz6bDrDi7q7QqT2A9sRc-FMRVciq4c9W8uxff8JyVbUSEwJpXvOjNVZGHgzy4qxbq1TyYGWcADAEMC","timestamp":1511243214},"jsApiTicket":{"value":"kgt8ON7yVITDhtdwci0qeeSdyrK-eDC0-Ai95KgAeAlJ1utsehU71nEFw7uHsNkHGXS9aXMXJNUbzhOZ3SpzCw","timestamp":1511151222}}
[2017-11-23 23:39:20.741] [INFO] wechat - POST /wechat/insetApp
[2017-11-23 23:39:20.743] [INFO] wechat - Request data: {"name":"LI_TEST","appId":"wxb8617df391f435cf","appSecret":"36642be8cb1e45d5239c5e1d77d48824","redirect":"http://sit.x.shinho.net.cn/wechat/incomeUser","ipWhiteList":["127.0.0.1"],"accessToken":{"value":"T_vZD1BTZKbxCIBE0YMglP_pT8tUCS-xV7WUUNPs_GStesVuQdAKUj8s5dxncz6bDrDi7q7QqT2A9sRc-FMRVciq4c9W8uxff8JyVbUSEwJpXvOjNVZGHgzy4qxbq1TyYGWcADAEMC","timestamp":1511243214},"jsApiTicket":{"value":"kgt8ON7yVITDhtdwci0qeeSdyrK-eDC0-Ai95KgAeAlJ1utsehU71nEFw7uHsNkHGXS9aXMXJNUbzhOZ3SpzCw","timestamp":1511151222}}
[2017-11-23 23:41:01.495] [INFO] wechat - GET /wechat/getAllApp
[2017-11-23 23:41:30.964] [INFO] wechat - GET /wechat/getAllApp
[2017-11-23 23:41:46.281] [INFO] wechat - GET /wechat/getAllApp
[2017-11-23 23:41:52.611] [INFO] wechat - POST /wechat/insetApp
[2017-11-23 23:41:52.612] [INFO] wechat - Request data: {"name":"LI_TEST","appId":"wxb8617df391f435cf","appSecret":"36642be8cb1e45d5239c5e1d77d48824","redirect":"http://sit.x.shinho.net.cn/wechat/incomeUser","ipWhiteList":["127.0.0.1"],"accessToken":{"value":"T_vZD1BTZKbxCIBE0YMglP_pT8tUCS-xV7WUUNPs_GStesVuQdAKUj8s5dxncz6bDrDi7q7QqT2A9sRc-FMRVciq4c9W8uxff8JyVbUSEwJpXvOjNVZGHgzy4qxbq1TyYGWcADAEMC","timestamp":1511243214},"jsApiTicket":{"value":"kgt8ON7yVITDhtdwci0qeeSdyrK-eDC0-Ai95KgAeAlJ1utsehU71nEFw7uHsNkHGXS9aXMXJNUbzhOZ3SpzCw","timestamp":1511151222}}
[2017-11-23 23:41:55.853] [INFO] wechat - GET /wechat/getAllApp
[2017-11-23 23:42:20.840] [INFO] wechat - POST /wechat/insetApp
[2017-11-23 23:42:20.842] [INFO] wechat - Request data: {"name":"LI_TEST","appId":"wxb8617df391f435cf","appSecret":"36642be8cb1e45d5239c5e1d77d48824","redirect":"http://sit.x.shinho.net.cn/wechat/incomeUser","ipWhiteList":["127.0.0.1"],"accessToken":{"value":"T_vZD1BTZKbxCIBE0YMglP_pT8tUCS-xV7WUUNPs_GStesVuQdAKUj8s5dxncz6bDrDi7q7QqT2A9sRc-FMRVciq4c9W8uxff8JyVbUSEwJpXvOjNVZGHgzy4qxbq1TyYGWcADAEMC","timestamp":1511243214},"jsApiTicket":{"value":"kgt8ON7yVITDhtdwci0qeeSdyrK-eDC0-Ai95KgAeAlJ1utsehU71nEFw7uHsNkHGXS9aXMXJNUbzhOZ3SpzCw","timestamp":1511151222}}
[2017-11-23 23:43:03.169] [INFO] wechat - POST /wechat/insertApp
[2017-11-23 23:43:03.179] [INFO] wechat - Request data: {"name":"LI_TEST","appId":"wxb8617df391f435cf","appSecret":"36642be8cb1e45d5239c5e1d77d48824","redirect":"http://sit.x.shinho.net.cn/wechat/incomeUser","ipWhiteList":["127.0.0.1"],"accessToken":{"value":"T_vZD1BTZKbxCIBE0YMglP_pT8tUCS-xV7WUUNPs_GStesVuQdAKUj8s5dxncz6bDrDi7q7QqT2A9sRc-FMRVciq4c9W8uxff8JyVbUSEwJpXvOjNVZGHgzy4qxbq1TyYGWcADAEMC","timestamp":1511243214},"jsApiTicket":{"value":"kgt8ON7yVITDhtdwci0qeeSdyrK-eDC0-Ai95KgAeAlJ1utsehU71nEFw7uHsNkHGXS9aXMXJNUbzhOZ3SpzCw","timestamp":1511151222}}
[2017-11-23 23:43:06.047] [INFO] wechat - GET /wechat/getAllApp
[2017-11-23 23:44:11.348] [INFO] wechat - POST /wechat/insertApp
[2017-11-23 23:44:11.348] [INFO] wechat - Request data: {"name":"LI_PRODUCTION","appId":"wxdccfe9df004fb45a","appSecret":"7a1e9c935c283e540cbe6cab4a1bb0cb","redirect":"http://localhost:3000/wechat/incomeUser","jsApiTicket":{"value":"kgt8ON7yVITDhtdwci0qeScBZjsjfiG9GXfPo4Z_AxdBjiDUtWMj1PaMH5cL5L1B5yBpJ3D73SGu72VV7GpomA","timestamp":1511170975},"accessToken":{"value":"EMazdmFYPcASFdiBVKVolc1-vUywYlUz0oS8fQNcGhhC3EJT2BRBT8qCHEFXIPZRqigQoiX7wDoXasBz2t7SxVfMk31RfDbn0LuROq4dxpNnjEVqeilsiircaIhQ01UKDUUjAIALCC","timestamp":1511165398}}
[2017-11-23 23:44:13.994] [INFO] wechat - GET /wechat/getAllApp
[2017-11-23 23:44:38.451] [INFO] wechat - POST /wechat/insertApp
[2017-11-23 23:44:38.451] [INFO] wechat - Request data: {"name":"PAYMENT","appId":"wxea1fce0cd4e2919a","appSecret":"beadc98644b46e2f1bc3aa778245dd2f","redirect":"http://sit.x.shinho.com.cn/wechat/incomeUser","accessToken":{"value":"ejHtAvdcNHpSTvvzpDPJcY56XPH7RdMTpgRcMrGbgvCPxCVCKrF5IRDvnOsPedI0ncR6du9Mdo6SL92TFhgsAoEtanWeW9f7ZlV4yDb2Jvv_ZFFPU66ZTIDdb3D_eNvqLHKjADAWSV","timestamp":1511251890},"jsApiTicket":{"value":"kgt8ON7yVITDhtdwci0qebkPn46vxK1Xp5MLOdESM-jW6HxkB8ESD1_mW_u044BPwLgxEsD3ZhAcLJbLJZoXMw","timestamp":1511166306}}
[2017-11-23 23:44:53.136] [INFO] wechat - POST /wechat/insertApp
[2017-11-23 23:44:53.136] [INFO] wechat - Request data: {"name":"PAYMENT_TEST","appId":"wx55ae909a657dee0d","appSecret":"83f678fb713febf923ff829b2ebc3f00","redirect":"http://sit.x.shinho.net.cn/wechat/incomeUser","accessToken":{"value":"CgybnxJ7FqTyBAKJSJTIg8BcB-y_nfYO8SfKaQW3RbYit6HrGqkmMtiuuGDuC0YEEYy2GTeCEzsgn2T9LCHBhRCLwKi2CvLLYGR9bRyzSKUT0K2L_3aRjt7aRNOrf2AGBYYgAEAXUU","timestamp":1511434502},"jsApiTicket":{"value":"HoagFKDcsGMVCIY2vOjf9iKdvSirExkHe-tauFm581X3fx8D--6mH110duz6-TrCCRnd7a6YUr4JZqAMhhyccQ","timestamp":1511438049}}
[2017-11-23 23:44:54.990] [INFO] wechat - GET /wechat/getAllApp
[2017-11-23 23:56:34.424] [INFO] wechat - GET /wechat/getJsApiSignature?appId=wxdccfe9df004fb45a
[2017-11-23 23:56:48.188] [INFO] wechat - GET /wechat/getJsApiSignature?appId=wxb8617df391f435cf
[2017-11-23 23:57:00.176] [INFO] wechat - GET /wechat/getJsApiSignature?appId=wxb8617df391f435cf&url=http://localhost:3000/wechat/getJsApiSignature
[2017-11-23 23:57:31.604] [INFO] wechat - GET /wechat/getJsApiSignature?appId=wxb8617df391f435cf&url=http://localhost:3000/wechat/getJsApiSignature
