[2017-11-24 00:02:07.826] [INFO] wechat - GET /wechat/getJsApiSignature?appId=wxb8617df391f435cf&url=http://localhost:3000/wechat/getJsApiSignature
[2017-11-24 00:02:52.642] [INFO] wechat - GET /wechat/getJsApiSignature?appId=wxb8617df391f435cf&url=http://localhost:3000/wechat/getJsApiSignature
[2017-11-24 00:04:10.758] [INFO] wechat - GET /wechat/getJsApiSignature?appId=wxb8617df391f435cf&url=http://localhost:3000/wechat/getJsApiSignature
[2017-11-24 00:04:50.916] [INFO] wechat - GET /wechat/getJsApiSignature?appId=wxb8617df391f435cf&url=http://localhost:3000/wechat/getJsApiSignature
[2017-11-24 00:05:54.555] [INFO] wechat - GET /wechat/getJsApiSignature?appId=wxb8617df391f435cf&url=http://localhost:3000/wechat/getJsApiSignature
[2017-11-24 00:13:03.455] [INFO] wechat - GET /wechat/getJsApiSignature?appId=wxb8617df391f435cf&url=http://localhost:3000/wechat/getJsApiSignature
[2017-11-24 00:14:29.540] [INFO] wechat - GET /wechat/getJsApiSignature?appId=wxb8617df391f435cf&url=http://localhost:3000/wechat/getJsApiSignature
[2017-11-24 00:15:44.075] [INFO] wechat - GET /wechat/getJsApiSignature?appId=wxb8617df391f435cf&url=http://localhost:3000/wechat/getJsApiSignature
[2017-11-24 00:15:57.139] [INFO] wechat - GET /wechat/getJsApiSignature?appId=wxb8617df391f435cf&url=http://localhost:3000/wechat/getJsApiSignature
[2017-11-24 00:16:27.661] [INFO] wechat - GET /wechat/getJsApiSignature?appId=wxb8617df391f435cf&url=http://localhost:3000/wechat/getJsApiSignature
[2017-11-24 00:17:29.956] [INFO] wechat - GET /wechat/getJsApiSignature?appId=wxb8617df391f435cf&url=http://localhost:3000/wechat/getJsApiSignature
[2017-11-24 00:27:34.867] [INFO] wechat - GET /wechat/getJsApiSignature?appId=wxb8617df391f435cf&url=http://localhost:3000/wechat/getJsApiSignature
[2017-11-24 00:28:26.561] [INFO] wechat - GET /wechat/getJsApiSignature?appId=wxb8617df391f435cf&url=http://localhost:3000/wechat/getJsApiSignature
[2017-11-24 00:28:26.831] [INFO] wechat - 获取到的新AccessToken: {"access_token":"7hQlD2MYB667M6l2L1ZrTmyDSzi5O6zKts9xw2bkuWzNnB1zc2-PKvjhtKttdjGQw-LjD5aScwmW3-CnabDn3ROjZczOVuf4Vy8BRoQI1IqQFwyT3H_K1C6t6dCMCq5YTTGdAAANNA","expires_in":7200}
[2017-11-24 00:29:52.787] [INFO] wechat - GET /wechat/getJsApiSignature?appId=wxb8617df391f435cf&url=http://localhost:3000/wechat/getJsApiSignature
[2017-11-24 00:29:52.938] [INFO] wechat - 获取到的新AccessToken: {"access_token":"PKnsC1vkYEThbtihT74GXpgBMsA8HY0hAu4xjkybr2vHwjmunC-Sm-sELZ5hi-FDSKIIbyOojeqkp81Lq4IWxRtunOr0SwjiIbGAecqZjpubatGZLT-ywMCQPH8ELdtqLXMdADAPBQ","expires_in":7200}
[2017-11-24 01:08:35.061] [INFO] wechat - GET /wechat/getAccessToken?appId=wxb8617df391f435cf
[2017-11-24 01:08:50.295] [INFO] wechat - GET /wechat/getAccessToken?appId=wxb8617df391f435cf
[2017-11-24 01:09:51.031] [INFO] wechat - GET /wechat/getAccessToken?appId=wxb8617df391f435cf
[2017-11-24 01:10:26.409] [INFO] wechat - GET /wechat/getAccessToken?appId=wxb8617df391f435cf
[2017-11-24 01:10:26.641] [INFO] wechat - 获取到的新AccessToken: {"access_token":"Z4pWRie2QTw6SpBlWYyKMtX-3rtUMTyWlJhi2rzp1WnfEZptcOPX7EReQhjsTBfzkJ2UL4m9JeDiFSwoWpLMsg1ZKXabAB1jkmmy-MCeXIBUdvMnTsXiBDAEUphUjXNdOKSgACAVRZ","expires_in":7200}
[2017-11-24 15:38:24.867] [INFO] wechat - GET /wechat/getAccessToken?appId=wxb8617df391f435cf
[2017-11-24 15:39:45.371] [INFO] wechat - GET /wechat/getAccessToken?appId=wxb8617df391f435cf
[2017-11-24 15:42:32.732] [INFO] wechat - GET /wechat/getAccessToken?appId=wxb8617df391f435cf
[2017-11-24 15:42:33.119] [INFO] wechat - 获取到的新AccessToken: AMcocQez0vlxJP1j5d06ilRcXkFvGSe42eTV3uuPhQLYdWWxQCuOMqy49lAayHj5D3xLBjbOOPAR3zcBIwi8syrvtnj-r4yAKj2tWsPNj1AWDWdAEAKRK
[2017-11-24 15:45:23.382] [INFO] wechat - GET /wechat/getAccessToken?appId=wxb8617df391f435cf
[2017-11-24 15:45:23.501] [INFO] wechat - 获取到的新AccessToken: DmBMf88LPH4lzxvzIlwug_ANUMune7KBYvnWcYAk0Yr3kSbLaN8XQDjzeFhfM6TLJ95W7H1Jp-au8ldghX_cpdmX5bOgEF42_-nlTqw5Yc1JtNGlmlUzhiUaDTHvKMfhAKDbAJALVO
